#! /usr/bin/vvp
:ivl_version "11.0 (stable)";
:ivl_delay_selection "TYPICAL";
:vpi_time_precision - 10;
:vpi_module "/usr/lib/x86_64-linux-gnu/ivl/system.vpi";
:vpi_module "/usr/lib/x86_64-linux-gnu/ivl/vhdl_sys.vpi";
:vpi_module "/usr/lib/x86_64-linux-gnu/ivl/vhdl_textio.vpi";
:vpi_module "/usr/lib/x86_64-linux-gnu/ivl/v2005_math.vpi";
:vpi_module "/usr/lib/x86_64-linux-gnu/ivl/va_math.vpi";
S_0x55a5ce39ce90 .scope module, "testbench" "testbench" 2 2;
 .timescale -9 -10;
v0x55a5ce3f56d0_0 .var "alu_op", 1 0;
v0x55a5ce3f57b0_0 .var "clk", 0 0;
v0x55a5ce3f5850_0 .var "idx", 3 0;
v0x55a5ce3f58f0_0 .var "in1", 7 0;
v0x55a5ce3f5990_0 .var "in2", 7 0;
v0x55a5ce3f5a30_0 .var "in_valid", 0 0;
v0x55a5ce3f5ad0_0 .net "out_valid", 0 0, v0x55a5ce3f5290_0;  1 drivers
v0x55a5ce3f5ba0_0 .var "reset", 0 0;
v0x55a5ce3f5c70_0 .net "result", 7 0, v0x55a5ce3f5410_0;  1 drivers
S_0x55a5ce39d020 .scope task, "case1" "case1" 2 56, 2 56 0, S_0x55a5ce39ce90;
 .timescale -9 -10;
E_0x55a5ce3dde80 .event posedge, v0x55a5ce39e370_0;
TD_testbench.case1 ;
    %pushi/vec4 0, 0, 4;
    %store/vec4 v0x55a5ce3f5850_0, 0, 4;
T_0.0 ;
    %load/vec4 v0x55a5ce3f5850_0;
    %pad/u 32;
    %cmpi/u 10, 0, 32;
    %jmp/0xz T_0.1, 5;
    %wait E_0x55a5ce3dde80;
    %vpi_func 2 59 "$random" 32 {0 0 0};
    %pushi/vec4 16, 0, 32;
    %mod;
    %pad/u 8;
    %store/vec4 v0x55a5ce3f58f0_0, 0, 8;
    %vpi_func 2 60 "$random" 32 {0 0 0};
    %pushi/vec4 16, 0, 32;
    %mod;
    %addi 1, 0, 32;
    %pad/u 8;
    %store/vec4 v0x55a5ce3f5990_0, 0, 8;
    %vpi_func 2 61 "$random" 32 {0 0 0};
    %pushi/vec4 4, 0, 32;
    %mod;
    %pad/u 2;
    %store/vec4 v0x55a5ce3f56d0_0, 0, 2;
    %pushi/vec4 1, 0, 1;
    %store/vec4 v0x55a5ce3f5a30_0, 0, 1;
    %wait E_0x55a5ce3dde80;
    %pushi/vec4 0, 0, 8;
    %store/vec4 v0x55a5ce3f58f0_0, 0, 8;
    %pushi/vec4 0, 0, 8;
    %store/vec4 v0x55a5ce3f5990_0, 0, 8;
    %pushi/vec4 0, 0, 1;
    %store/vec4 v0x55a5ce3f5a30_0, 0, 1;
T_0.2 ;
    %load/vec4 v0x55a5ce3f5ad0_0;
    %pad/u 32;
    %cmpi/ne 1, 0, 32;
    %jmp/0xz T_0.3, 4;
    %wait E_0x55a5ce3dde80;
    %jmp T_0.2;
T_0.3 ;
    %vpi_call 2 71 "$display", "%d'th result = %d\012", v0x55a5ce3f5850_0, v0x55a5ce3f5c70_0 {0 0 0};
    %load/vec4 v0x55a5ce3f5850_0;
    %addi 1, 0, 4;
    %store/vec4 v0x55a5ce3f5850_0, 0, 4;
    %jmp T_0.0;
T_0.1 ;
    %pushi/vec4 5, 0, 32;
T_0.4 %dup/vec4;
    %pushi/vec4 0, 0, 32;
    %cmp/s;
    %jmp/1xz T_0.5, 5;
    %jmp/1 T_0.5, 4;
    %pushi/vec4 1, 0, 32;
    %sub;
    %wait E_0x55a5ce3dde80;
    %jmp T_0.4;
T_0.5 ;
    %pop/vec4 1;
    %end;
S_0x55a5ce3dbf00 .scope module, "uut" "alu_8bit" 2 41, 3 1 0, S_0x55a5ce39ce90;
 .timescale -9 -10;
    .port_info 0 /INPUT 1 "clk";
    .port_info 1 /INPUT 1 "reset";
    .port_info 2 /INPUT 1 "in_valid";
    .port_info 3 /INPUT 8 "in1";
    .port_info 4 /INPUT 8 "in2";
    .port_info 5 /INPUT 2 "alu_op";
    .port_info 6 /OUTPUT 1 "out_valid";
    .port_info 7 /OUTPUT 8 "result";
v0x55a5ce3c7c60_0 .net "alu_op", 1 0, v0x55a5ce3f56d0_0;  1 drivers
v0x55a5ce39e370_0 .net "clk", 0 0, v0x55a5ce3f57b0_0;  1 drivers
v0x55a5ce39e7f0_0 .net "in1", 7 0, v0x55a5ce3f58f0_0;  1 drivers
v0x55a5ce39ec00_0 .net "in2", 7 0, v0x55a5ce3f5990_0;  1 drivers
v0x55a5ce3f5180_0 .net "in_valid", 0 0, v0x55a5ce3f5a30_0;  1 drivers
v0x55a5ce3f5290_0 .var "out_valid", 0 0;
v0x55a5ce3f5350_0 .net "reset", 0 0, v0x55a5ce3f5ba0_0;  1 drivers
v0x55a5ce3f5410_0 .var "result", 7 0;
v0x55a5ce3f54f0_0 .var "temp_result", 16 0;
    .scope S_0x55a5ce3dbf00;
T_1 ;
    %wait E_0x55a5ce3dde80;
    %load/vec4 v0x55a5ce3f5350_0;
    %flag_set/vec4 8;
    %jmp/0xz  T_1.0, 8;
    %pushi/vec4 0, 0, 8;
    %assign/vec4 v0x55a5ce3f5410_0, 0;
    %pushi/vec4 0, 0, 1;
    %assign/vec4 v0x55a5ce3f5290_0, 0;
    %jmp T_1.1;
T_1.0 ;
    %load/vec4 v0x55a5ce3f5180_0;
    %flag_set/vec4 8;
    %jmp/0xz  T_1.2, 8;
    %load/vec4 v0x55a5ce3c7c60_0;
    %dup/vec4;
    %pushi/vec4 0, 0, 2;
    %cmp/u;
    %jmp/1 T_1.4, 6;
    %dup/vec4;
    %pushi/vec4 1, 0, 2;
    %cmp/u;
    %jmp/1 T_1.5, 6;
    %dup/vec4;
    %pushi/vec4 2, 0, 2;
    %cmp/u;
    %jmp/1 T_1.6, 6;
    %dup/vec4;
    %pushi/vec4 3, 0, 2;
    %cmp/u;
    %jmp/1 T_1.7, 6;
    %pushi/vec4 65535, 65535, 17;
    %store/vec4 v0x55a5ce3f54f0_0, 0, 17;
    %jmp T_1.9;
T_1.4 ;
    %load/vec4 v0x55a5ce39e7f0_0;
    %pad/u 17;
    %load/vec4 v0x55a5ce39ec00_0;
    %pad/u 17;
    %add;
    %store/vec4 v0x55a5ce3f54f0_0, 0, 17;
    %jmp T_1.9;
T_1.5 ;
    %load/vec4 v0x55a5ce39e7f0_0;
    %pad/u 17;
    %load/vec4 v0x55a5ce39ec00_0;
    %pad/u 17;
    %sub;
    %store/vec4 v0x55a5ce3f54f0_0, 0, 17;
    %jmp T_1.9;
T_1.6 ;
    %load/vec4 v0x55a5ce39e7f0_0;
    %pad/u 17;
    %load/vec4 v0x55a5ce39ec00_0;
    %pad/u 17;
    %mul;
    %store/vec4 v0x55a5ce3f54f0_0, 0, 17;
    %jmp T_1.9;
T_1.7 ;
    %load/vec4 v0x55a5ce39e7f0_0;
    %pad/u 17;
    %load/vec4 v0x55a5ce39ec00_0;
    %pad/u 17;
    %div;
    %store/vec4 v0x55a5ce3f54f0_0, 0, 17;
    %jmp T_1.9;
T_1.9 ;
    %pop/vec4 1;
    %load/vec4 v0x55a5ce3f54f0_0;
    %parti/s 8, 0, 2;
    %assign/vec4 v0x55a5ce3f5410_0, 0;
    %pushi/vec4 1, 0, 1;
    %assign/vec4 v0x55a5ce3f5290_0, 0;
    %jmp T_1.3;
T_1.2 ;
    %pushi/vec4 0, 0, 1;
    %assign/vec4 v0x55a5ce3f5290_0, 0;
T_1.3 ;
T_1.1 ;
    %jmp T_1;
    .thread T_1;
    .scope S_0x55a5ce39ce90;
T_2 ;
    %pushi/vec4 0, 0, 1;
    %store/vec4 v0x55a5ce3f57b0_0, 0, 1;
    %pushi/vec4 0, 0, 1;
    %store/vec4 v0x55a5ce3f5ba0_0, 0, 1;
    %pushi/vec4 0, 0, 8;
    %store/vec4 v0x55a5ce3f58f0_0, 0, 8;
    %pushi/vec4 0, 0, 8;
    %store/vec4 v0x55a5ce3f5990_0, 0, 8;
    %pushi/vec4 0, 0, 1;
    %store/vec4 v0x55a5ce3f5a30_0, 0, 1;
    %pushi/vec4 0, 0, 2;
    %store/vec4 v0x55a5ce3f56d0_0, 0, 2;
    %delay 100, 0;
    %pushi/vec4 1, 0, 1;
    %store/vec4 v0x55a5ce3f5ba0_0, 0, 1;
    %delay 200, 0;
    %pushi/vec4 0, 0, 1;
    %store/vec4 v0x55a5ce3f5ba0_0, 0, 1;
    %fork TD_testbench.case1, S_0x55a5ce39d020;
    %join;
    %vpi_call 2 35 "$finish" {0 0 0};
    %end;
    .thread T_2;
    .scope S_0x55a5ce39ce90;
T_3 ;
    %vpi_call 2 38 "$dumpfile", "wave.vcd" {0 0 0};
    %vpi_call 2 39 "$dumpvars", 32'sb00000000000000000000000000000000, S_0x55a5ce39ce90 {0 0 0};
    %end;
    .thread T_3;
    .scope S_0x55a5ce39ce90;
T_4 ;
    %delay 50, 0;
    %load/vec4 v0x55a5ce3f57b0_0;
    %inv;
    %store/vec4 v0x55a5ce3f57b0_0, 0, 1;
    %jmp T_4;
    .thread T_4;
# The file index is used to find the file name in the following table.
:file_names 4;
    "N/A";
    "<interactive>";
    "tb_alu.v";
    "alu_8bit.v";
